<?xml version="1.0" encoding="UTF-8"?>
<!-- Generated by org.testng.reporters.JUnitXMLReporter -->
<testsuite hostname="mitrais-3.local" ignored="0" name="Default test" tests="3" failures="0" timestamp="2020-03-12T16:41:02 WIB" time="79.746" errors="0">
  <testcase name="scrollUp" time="14.456" classname="sampleproject.LandscapeTests"/>
  <testcase name="scrollDown" time="6.459" classname="sampleproject.LandscapeTests"/>
  <testcase name="buttons" time="6.443" classname="sampleproject.LandscapeTests"/>
</testsuite> <!-- Default test -->
