<?xml version="1.0" encoding="UTF-8"?>
<testng-results skipped="0" failed="0" ignored="0" total="1" passed="1">
  <reporter-output>
  </reporter-output>
  <suite name="Default suite" duration-ms="65070" started-at="2020-03-12T16:52:12 WIB" finished-at="2020-03-12T16:53:18 WIB">
    <groups>
    </groups>
    <test name="Default test" duration-ms="65070" started-at="2020-03-12T16:52:12 WIB" finished-at="2020-03-12T16:53:18 WIB">
      <class name="sampleproject.PortraitTests">
        <test-method status="PASS" signature="setup()[pri:0, instance:sampleproject.PortraitTests@1f57539]" name="setup" is-config="true" duration-ms="51412" started-at="2020-03-12T16:52:12 WIB" finished-at="2020-03-12T16:53:04 WIB">
          <reporter-output>
          </reporter-output>
        </test-method> <!-- setup -->
        <test-method status="PASS" signature="actionSheets()[pri:1, instance:sampleproject.PortraitTests@1f57539]" name="actionSheets" duration-ms="12530" started-at="2020-03-12T16:53:04 WIB" finished-at="2020-03-12T16:53:16 WIB">
          <reporter-output>
          </reporter-output>
        </test-method> <!-- actionSheets -->
        <test-method status="PASS" signature="teardown()[pri:0, instance:sampleproject.PortraitTests@1f57539]" name="teardown" is-config="true" duration-ms="1081" started-at="2020-03-12T16:53:16 WIB" finished-at="2020-03-12T16:53:18 WIB">
          <reporter-output>
          </reporter-output>
        </test-method> <!-- teardown -->
      </class> <!-- sampleproject.PortraitTests -->
    </test> <!-- Default test -->
  </suite> <!-- Default suite -->
</testng-results>
